<?xml version="1.0" encoding="UTF-8"?>
<!-- Generated by org.testng.reporters.JUnitReportReporter -->
<testsuite hostname="DESKTOP-OD0LFTR" failures="0" tests="1" name="TestCases.TC001_LoginPage" time="6.977" errors="0" timestamp="2025-02-11T21:23:56 IST" skipped="0">
  <testcase classname="TestCases.TC001_LoginPage" name="loginpage" time="6.977"/>
</testsuite> <!-- TestCases.TC001_LoginPage -->
