<?xml version="1.0" encoding="UTF-8"?>
<!-- Generated by org.testng.reporters.JUnitReportReporter -->
<testsuite hostname="DESKTOP-OD0LFTR" failures="0" tests="1" name="TestCases.TC002_loginTest" time="4.147" errors="0" timestamp="2025-02-14T22:59:21 IST" skipped="0">
  <testcase classname="TestCases.TC002_loginTest" name="loginverify" time="4.147"/>
</testsuite> <!-- TestCases.TC002_loginTest -->
